1542236640447	mozrunner::runner	INFO	Running command: "/Applications/Firefox.app/Contents/MacOS/firefox-bin" "-marionette" "-foreground" "-no-remote" "-profile" "/var/folders/fr/3fxflrks2fvcgm9b9f2_8cbw0000gn/T/rust_mozprofile.3aJsoRLp3xAN"
1542236641014	Marionette	DEBUG	Received observer notification profile-after-change
1542236641123	Marionette	DEBUG	Received observer notification command-line-startup
1542236641123	Marionette	DEBUG	Received observer notification nsPref:changed
1542236641123	Marionette	DEBUG	Init aborted (running=false, enabled=true, finalUIStartup=false)
1542236641308	Marionette	DEBUG	Received observer notification toplevel-window-ready
1542236642122	Marionette	DEBUG	Received observer notification sessionstore-windows-restored
1542236642122	Marionette	DEBUG	Waiting for delayed startup...
1542236642251	Marionette	DEBUG	Setting recommended pref security.turn_off_all_security_so_that_viruses_can_take_over_this_computer to true
1542236642251	Marionette	DEBUG	Setting recommended pref apz.content_response_timeout to 60000
1542236642252	Marionette	DEBUG	Setting recommended pref browser.download.panel.shown to true
1542236642252	Marionette	DEBUG	Setting recommended pref browser.pagethumbnails.capturing_disabled to true
1542236642253	Marionette	DEBUG	Setting recommended pref browser.search.update to false
1542236642253	Marionette	DEBUG	Setting recommended pref toolkit.cosmeticAnimations.enabled to false
1542236642253	Marionette	DEBUG	Setting recommended pref browser.tabs.disableBackgroundZombification to false
1542236642253	Marionette	DEBUG	Setting recommended pref browser.tabs.warnOnCloseOtherTabs to false
1542236642253	Marionette	DEBUG	Setting recommended pref browser.tabs.warnOnOpen to false
1542236642253	Marionette	DEBUG	Setting recommended pref browser.usedOnWindows10.introURL to 
1542236642254	Marionette	DEBUG	Setting recommended pref browser.urlbar.suggest.searches to false
1542236642254	Marionette	DEBUG	Setting recommended pref datareporting.policy.dataSubmissionPolicyAccepted to false
1542236642254	Marionette	DEBUG	Setting recommended pref dom.disable_beforeunload to true
1542236642254	Marionette	DEBUG	Setting recommended pref dom.disable_open_during_load to false
1542236642254	Marionette	DEBUG	Setting recommended pref dom.file.createInChild to true
1542236642254	Marionette	DEBUG	Setting recommended pref dom.max_chrome_script_run_time to 0
1542236642254	Marionette	DEBUG	Setting recommended pref dom.max_script_run_time to 0
1542236642254	Marionette	DEBUG	Setting recommended pref extensions.getAddons.cache.enabled to false
1542236642255	Marionette	DEBUG	Setting recommended pref extensions.webservice.discoverURL to http://%(server)s/dummy/discoveryURL
1542236642255	Marionette	DEBUG	Setting recommended pref network.http.prompt-temp-redirect to false
1542236642255	Marionette	DEBUG	Setting recommended pref network.http.speculative-parallel-limit to 0
1542236642255	Marionette	DEBUG	Setting recommended pref security.fileuri.strict_origin_policy to false
1542236642255	Marionette	DEBUG	Setting recommended pref security.notification_enable_delay to 0
1542236642255	Marionette	DEBUG	Setting recommended pref signon.autofillForms to false
1542236642255	Marionette	DEBUG	Setting recommended pref signon.rememberSignons to false
1542236642289	Marionette	INFO	Listening on port 63252
1542236642289	Marionette	DEBUG	Remote service is active
1542236642308	Marionette	DEBUG	Accepted connection 0 from 127.0.0.1:63281
1542236642310	Marionette	TRACE	0 -> [0,1,"WebDriver:NewSession",{"acceptInsecureCerts":true,"browserName":"firefox"}]
1542236642310	Marionette	WARN	TLS certificate errors will be ignored for this session
1542236642348	Marionette	DEBUG	[4294967297] Frame script loaded
1542236642348	Marionette	DEBUG	[4294967297] Frame script registered
1542236642353	Marionette	TRACE	0 <- [1,1,null,{"sessionId":"161fb7f4-5d26-4b41-9eac-188f0690529e","capabilities":{"browserName":"firefox","browserVersion":"63.0. ... cgm9b9f2_8cbw0000gn/T/rust_mozprofile.3aJsoRLp3xAN","moz:useNonSpecCompliantPointerOrigin":false,"moz:webdriverClick":true}}]
1542236642356	Marionette	TRACE	0 -> [0,2,"WebDriver:Navigate",{"url":"http://www.google.co.in/"}]
1542236642361	Marionette	DEBUG	[4294967297] Received DOM event beforeunload for about:blank
1542236642761	Marionette	DEBUG	[4294967297] Received DOM event pagehide for about:blank
1542236642841	Marionette	DEBUG	[4294967297] Received DOM event DOMContentLoaded for https://www.google.co.in/?gws_rd=ssl
1542236643571	Marionette	DEBUG	[4294967297] Received DOM event pageshow for https://www.google.co.in/?gws_rd=ssl
1542236643573	Marionette	TRACE	0 <- [1,2,null,{"value":null}]
1542236643693	Marionette	DEBUG	[6442450945] Frame script loaded
1542236643694	Marionette	DEBUG	[6442450945] Frame script registered
1542236643708	Marionette	DEBUG	[6442450947] Frame script loaded
1542236643708	Marionette	DEBUG	[6442450947] Frame script registered
JavaScript error: resource://gre/modules/WebProgressChild.jsm, line 58: TypeError: this.mm.content is null
JavaScript error: resource:///modules/ContentMetaHandler.jsm, line 156: NS_ERROR_ILLEGAL_VALUE: 
1542236645083	Marionette	DEBUG	[6442450951] Frame script loaded
1542236645085	Marionette	DEBUG	[6442450951] Frame script registered
1542236648021	Marionette	DEBUG	Closed connection 0
1542236648094	Marionette	DEBUG	Received observer notification xpcom-will-shutdown
1542236648094	Marionette	DEBUG	Resetting recommended pref security.turn_off_all_security_so_that_viruses_can_take_over_this_computer
1542236648094	Marionette	DEBUG	Resetting recommended pref apz.content_response_timeout
1542236648094	Marionette	DEBUG	Resetting recommended pref browser.download.panel.shown
1542236648094	Marionette	DEBUG	Resetting recommended pref browser.pagethumbnails.capturing_disabled
1542236648094	Marionette	DEBUG	Resetting recommended pref browser.search.update
1542236648095	Marionette	DEBUG	Resetting recommended pref toolkit.cosmeticAnimations.enabled
1542236648095	Marionette	DEBUG	Resetting recommended pref browser.tabs.disableBackgroundZombification
1542236648095	Marionette	DEBUG	Resetting recommended pref browser.tabs.warnOnCloseOtherTabs
1542236648095	Marionette	DEBUG	Resetting recommended pref browser.tabs.warnOnOpen
1542236648095	Marionette	DEBUG	Resetting recommended pref browser.usedOnWindows10.introURL
1542236648095	Marionette	DEBUG	Resetting recommended pref browser.urlbar.suggest.searches
1542236648096	Marionette	DEBUG	Resetting recommended pref datareporting.policy.dataSubmissionPolicyAccepted
1542236648096	Marionette	DEBUG	Resetting recommended pref dom.disable_beforeunload
1542236648096	Marionette	DEBUG	Resetting recommended pref dom.disable_open_during_load
1542236648096	Marionette	DEBUG	Resetting recommended pref dom.file.createInChild
1542236648108	Marionette	DEBUG	Resetting recommended pref dom.max_chrome_script_run_time
1542236648108	Marionette	DEBUG	Resetting recommended pref dom.max_script_run_time
1542236648108	Marionette	DEBUG	Resetting recommended pref extensions.getAddons.cache.enabled
1542236648108	Marionette	DEBUG	Resetting recommended pref extensions.webservice.discoverURL
1542236648108	Marionette	DEBUG	Resetting recommended pref network.http.prompt-temp-redirect
1542236648108	Marionette	DEBUG	Resetting recommended pref network.http.speculative-parallel-limit
1542236648109	Marionette	DEBUG	Resetting recommended pref security.fileuri.strict_origin_policy
1542236648109	Marionette	DEBUG	Resetting recommended pref security.notification_enable_delay
1542236648109	Marionette	DEBUG	Resetting recommended pref signon.autofillForms
1542236648109	Marionette	DEBUG	Resetting recommended pref signon.rememberSignons
1542236648109	Marionette	INFO	Stopped listening on port 63252
1542236648109	Marionette	DEBUG	Remote service is inactive
